<?xml version="1.0" encoding="UTF-8"?>
<testng-results ignored="0" total="4" passed="4" failed="0" skipped="0">
  <reporter-output>
  </reporter-output>
  <suite started-at="2023-12-28T20:19:07 IST" name="Sanity" finished-at="2023-12-28T20:19:42 IST" duration-ms="34559">
    <groups>
    </groups>
    <test started-at="2023-12-28T20:19:07 IST" name="ChromeTest" finished-at="2023-12-28T20:19:42 IST" duration-ms="34559">
      <class name="com.opencart.testcases.TCRegisterAccount">
        <test-method is-config="true" signature="setUp(java.lang.String)[pri:0, instance:com.opencart.testcases.TCRegisterAccount@5c30a9b0]" started-at="2023-12-28T20:19:08 IST" name="setUp" finished-at="2023-12-28T20:19:16 IST" duration-ms="8524" status="PASS">
          <params>
            <param index="0">
              <value>
                <![CDATA[chrome]]>
              </value>
            </param>
          </params>
          <reporter-output>
          </reporter-output>
        </test-method> <!-- setUp -->
        <test-method signature="tcRegisterAccount()[pri:0, instance:com.opencart.testcases.TCRegisterAccount@5c30a9b0]" started-at="2023-12-28T20:19:16 IST" name="tcRegisterAccount" finished-at="2023-12-28T20:19:20 IST" duration-ms="3743" status="PASS">
          <reporter-output>
          </reporter-output>
        </test-method> <!-- tcRegisterAccount -->
        <test-method is-config="true" signature="tearDown()[pri:0, instance:com.opencart.testcases.TCRegisterAccount@5c30a9b0]" started-at="2023-12-28T20:19:20 IST" name="tearDown" finished-at="2023-12-28T20:19:21 IST" duration-ms="411" status="PASS">
          <reporter-output>
          </reporter-output>
        </test-method> <!-- tearDown -->
      </class> <!-- com.opencart.testcases.TCRegisterAccount -->
      <class name="com.opencart.testcases.TCLogin">
        <test-method is-config="true" signature="setUp(java.lang.String)[pri:0, instance:com.opencart.testcases.TCLogin@6ca8564a]" started-at="2023-12-28T20:19:21 IST" name="setUp" finished-at="2023-12-28T20:19:25 IST" duration-ms="4549" status="PASS">
          <params>
            <param index="0">
              <value>
                <![CDATA[chrome]]>
              </value>
            </param>
          </params>
          <reporter-output>
          </reporter-output>
        </test-method> <!-- setUp -->
        <test-method signature="tcLogin(java.lang.String,java.lang.String)[pri:0, instance:com.opencart.testcases.TCLogin@6ca8564a]" started-at="2023-12-28T20:19:28 IST" name="tcLogin" data-provider="getExcelData" finished-at="2023-12-28T20:19:32 IST" duration-ms="3732" status="PASS">
          <params>
            <param index="0">
              <value>
                <![CDATA[101jija.0vb4q8kpe@gmail.com]]>
              </value>
            </param>
            <param index="1">
              <value>
                <![CDATA[mco0l24o]]>
              </value>
            </param>
          </params>
          <reporter-output>
          </reporter-output>
        </test-method> <!-- tcLogin -->
        <test-method signature="tcLogin(java.lang.String,java.lang.String)[pri:0, instance:com.opencart.testcases.TCLogin@6ca8564a]" started-at="2023-12-28T20:19:32 IST" name="tcLogin" data-provider="getExcelData" finished-at="2023-12-28T20:19:36 IST" duration-ms="3358" status="PASS">
          <params>
            <param index="0">
              <value>
                <![CDATA[7t2kbvp.1t9lml53c@gmail.com]]>
              </value>
            </param>
            <param index="1">
              <value>
                <![CDATA[hmuvwrxs]]>
              </value>
            </param>
          </params>
          <reporter-output>
          </reporter-output>
        </test-method> <!-- tcLogin -->
        <test-method signature="tcLogin(java.lang.String,java.lang.String)[pri:0, instance:com.opencart.testcases.TCLogin@6ca8564a]" started-at="2023-12-28T20:19:36 IST" name="tcLogin" data-provider="getExcelData" finished-at="2023-12-28T20:19:41 IST" duration-ms="4806" status="PASS">
          <params>
            <param index="0">
              <value>
                <![CDATA[vq1zsme.762m293ei@gmail.com]]>
              </value>
            </param>
            <param index="1">
              <value>
                <![CDATA[6nkutzcs]]>
              </value>
            </param>
          </params>
          <reporter-output>
          </reporter-output>
        </test-method> <!-- tcLogin -->
        <test-method is-config="true" signature="tearDown()[pri:0, instance:com.opencart.testcases.TCLogin@6ca8564a]" started-at="2023-12-28T20:19:41 IST" name="tearDown" finished-at="2023-12-28T20:19:42 IST" duration-ms="514" status="PASS">
          <reporter-output>
          </reporter-output>
        </test-method> <!-- tearDown -->
      </class> <!-- com.opencart.testcases.TCLogin -->
    </test> <!-- ChromeTest -->
  </suite> <!-- Sanity -->
</testng-results>
