<?xml version="1.0" encoding="UTF-8"?>
<!-- Generated by org.testng.reporters.JUnitXMLReporter -->
<testsuite ignored="0" hostname="DESKTOP-FK5GQGQ" failures="0" tests="4" name="Chrome Browser" time="32.454" errors="0" timestamp="2023-12-25T14:28:21 IST">
  <testcase classname="com.opencart.testcases.TCRegisterAccount" name="tcRegisterAccount" time="3.73"/>
  <testcase classname="com.opencart.testcases.TCLogin" name="tcLogin" time="3.904"/>
  <testcase classname="com.opencart.testcases.TCLogin" name="tcLogin" time="3.2"/>
  <testcase classname="com.opencart.testcases.TCLogin" name="tcLogin" time="3.523"/>
</testsuite> <!-- Chrome Browser -->
