<?xml version="1.0" encoding="UTF-8"?>
<!-- Generated by org.testng.reporters.JUnitXMLReporter -->
<testsuite ignored="0" hostname="DESKTOP-FK5GQGQ" failures="0" tests="3" name="ChromeTest" time="24.024" errors="0" timestamp="2023-12-25T15:35:04 IST">
  <testcase classname="com.opencart.testcases.TCLogin" name="tcLogin" time="4.111"/>
  <testcase classname="com.opencart.testcases.TCLogin" name="tcLogin" time="3.405"/>
  <testcase classname="com.opencart.testcases.TCLogin" name="tcLogin" time="3.542"/>
</testsuite> <!-- ChromeTest -->
