<?xml version="1.0" encoding="UTF-8"?>
<!-- Generated by org.testng.reporters.JUnitXMLReporter -->
<testsuite ignored="0" hostname="DESKTOP-FK5GQGQ" failures="0" tests="4" name="Edge Browser" time="26.246" errors="0" timestamp="2023-12-25T14:28:48 IST">
  <testcase classname="com.opencart.testcases.TCRegisterAccount" name="tcRegisterAccount" time="3.657"/>
  <testcase classname="com.opencart.testcases.TCLogin" name="tcLogin" time="4.09"/>
  <testcase classname="com.opencart.testcases.TCLogin" name="tcLogin" time="3.323"/>
  <testcase classname="com.opencart.testcases.TCLogin" name="tcLogin" time="3.471"/>
</testsuite> <!-- Edge Browser -->
