<?xml version="1.0" encoding="UTF-8"?>
<!-- Generated by org.testng.reporters.JUnitXMLReporter -->
<testsuite ignored="0" hostname="DESKTOP-FK5GQGQ" failures="0" tests="4" name="Firefox Browser" time="35.755" errors="0" timestamp="2023-12-25T14:29:24 IST">
  <testcase classname="com.opencart.testcases.TCRegisterAccount" name="tcRegisterAccount" time="2.986"/>
  <testcase classname="com.opencart.testcases.TCLogin" name="tcLogin" time="3.757"/>
  <testcase classname="com.opencart.testcases.TCLogin" name="tcLogin" time="3.795"/>
  <testcase classname="com.opencart.testcases.TCLogin" name="tcLogin" time="3.433"/>
</testsuite> <!-- Firefox Browser -->
