<?xml version="1.0" encoding="UTF-8"?>
<testng-results ignored="0" total="3" passed="3" failed="0" skipped="0">
  <reporter-output>
  </reporter-output>
  <suite started-at="2023-12-25T15:34:39 IST" name="Sanity" finished-at="2023-12-25T15:35:03 IST" duration-ms="24024">
    <groups>
    </groups>
    <test started-at="2023-12-25T15:34:39 IST" name="ChromeTest" finished-at="2023-12-25T15:35:03 IST" duration-ms="24024">
      <class name="com.opencart.testcases.TCLogin">
        <test-method is-config="true" signature="setUp(java.lang.String)[pri:0, instance:com.opencart.testcases.TCLogin@6c1a5b54]" started-at="2023-12-25T15:34:40 IST" name="setUp" finished-at="2023-12-25T15:34:47 IST" duration-ms="7807" status="PASS">
          <params>
            <param index="0">
              <value>
                <![CDATA[chrome]]>
              </value>
            </param>
          </params>
          <reporter-output>
          </reporter-output>
        </test-method> <!-- setUp -->
        <test-method signature="tcLogin(java.lang.String,java.lang.String)[pri:0, instance:com.opencart.testcases.TCLogin@6c1a5b54]" started-at="2023-12-25T15:34:50 IST" name="tcLogin" data-provider="getExcelData" finished-at="2023-12-25T15:34:55 IST" duration-ms="4111" status="PASS">
          <params>
            <param index="0">
              <value>
                <![CDATA[101jija.0vb4q8kpe@gmail.com]]>
              </value>
            </param>
            <param index="1">
              <value>
                <![CDATA[mco0l24o]]>
              </value>
            </param>
          </params>
          <reporter-output>
          </reporter-output>
        </test-method> <!-- tcLogin -->
        <test-method signature="tcLogin(java.lang.String,java.lang.String)[pri:0, instance:com.opencart.testcases.TCLogin@6c1a5b54]" started-at="2023-12-25T15:34:55 IST" name="tcLogin" data-provider="getExcelData" finished-at="2023-12-25T15:34:58 IST" duration-ms="3405" status="PASS">
          <params>
            <param index="0">
              <value>
                <![CDATA[7t2kbvp.1t9lml53c@gmail.com]]>
              </value>
            </param>
            <param index="1">
              <value>
                <![CDATA[hmuvwrxs]]>
              </value>
            </param>
          </params>
          <reporter-output>
          </reporter-output>
        </test-method> <!-- tcLogin -->
        <test-method signature="tcLogin(java.lang.String,java.lang.String)[pri:0, instance:com.opencart.testcases.TCLogin@6c1a5b54]" started-at="2023-12-25T15:34:58 IST" name="tcLogin" data-provider="getExcelData" finished-at="2023-12-25T15:35:02 IST" duration-ms="3542" status="PASS">
          <params>
            <param index="0">
              <value>
                <![CDATA[vq1zsme.762m293ei@gmail.com]]>
              </value>
            </param>
            <param index="1">
              <value>
                <![CDATA[6nkutzcs]]>
              </value>
            </param>
          </params>
          <reporter-output>
          </reporter-output>
        </test-method> <!-- tcLogin -->
        <test-method is-config="true" signature="tearDown()[pri:0, instance:com.opencart.testcases.TCLogin@6c1a5b54]" started-at="2023-12-25T15:35:02 IST" name="tearDown" finished-at="2023-12-25T15:35:03 IST" duration-ms="526" status="PASS">
          <reporter-output>
          </reporter-output>
        </test-method> <!-- tearDown -->
      </class> <!-- com.opencart.testcases.TCLogin -->
    </test> <!-- ChromeTest -->
  </suite> <!-- Sanity -->
</testng-results>
