<?xml version="1.0" encoding="UTF-8"?>
<!-- Generated by org.testng.reporters.JUnitXMLReporter -->
<testsuite ignored="0" hostname="DESKTOP-FK5GQGQ" failures="0" tests="4" name="ChromeTest" time="34.559" errors="0" timestamp="2023-12-28T20:19:43 IST">
  <testcase classname="com.opencart.testcases.TCRegisterAccount" name="tcRegisterAccount" time="3.743"/>
  <testcase classname="com.opencart.testcases.TCLogin" name="tcLogin" time="3.732"/>
  <testcase classname="com.opencart.testcases.TCLogin" name="tcLogin" time="3.358"/>
  <testcase classname="com.opencart.testcases.TCLogin" name="tcLogin" time="4.806"/>
</testsuite> <!-- ChromeTest -->
